<?xml version="1.0" encoding="UTF-8"?>
<testng-results ignored="0" total="2" passed="1" failed="0" skipped="1">
  <reporter-output>
  </reporter-output>
  <suite started-at="2023-05-15T14:22:29 IST" name="Default suite" finished-at="2023-05-15T14:22:51 IST" duration-ms="21663">
    <groups>
    </groups>
    <test started-at="2023-05-15T14:22:29 IST" name="Default test" finished-at="2023-05-15T14:22:51 IST" duration-ms="21663">
      <class name="excelReaderOperation.FacebookFinalVersion">
        <test-method is-config="true" signature="beforeMethod()[pri:0, instance:excelReaderOperation.FacebookFinalVersion@4efac082]" started-at="2023-05-15T14:22:30 IST" name="beforeMethod" finished-at="2023-05-15T14:22:41 IST" duration-ms="11039" status="PASS">
          <reporter-output>
          </reporter-output>
        </test-method> <!-- beforeMethod -->
        <test-method signature="f(java.util.Hashtable)[pri:0, instance:excelReaderOperation.FacebookFinalVersion@4efac082]" started-at="2023-05-15T14:22:41 IST" name="f" data-provider="getTest" finished-at="2023-05-15T14:22:43 IST" duration-ms="2280" status="PASS">
          <params>
            <param index="0">
              <value>
                <![CDATA[{ExpectedResult=LoginSuccess, RunMode=Y, UserPassword=lal121, UserName=lalitasaini12918@gmail.com, Browser=chrome}]]>
              </value>
            </param>
          </params>
          <reporter-output>
          </reporter-output>
        </test-method> <!-- f -->
        <test-method is-config="true" signature="afterMethod()[pri:0, instance:excelReaderOperation.FacebookFinalVersion@4efac082]" started-at="2023-05-15T14:22:43 IST" name="afterMethod" finished-at="2023-05-15T14:22:43 IST" duration-ms="0" status="PASS">
          <reporter-output>
          </reporter-output>
        </test-method> <!-- afterMethod -->
        <test-method is-config="true" signature="beforeMethod()[pri:0, instance:excelReaderOperation.FacebookFinalVersion@4efac082]" started-at="2023-05-15T14:22:43 IST" name="beforeMethod" finished-at="2023-05-15T14:22:51 IST" duration-ms="7178" status="PASS">
          <reporter-output>
          </reporter-output>
        </test-method> <!-- beforeMethod -->
        <test-method signature="f(java.util.Hashtable)[pri:0, instance:excelReaderOperation.FacebookFinalVersion@4efac082]" started-at="2023-05-15T14:22:51 IST" name="f" data-provider="getTest" finished-at="2023-05-15T14:22:51 IST" duration-ms="1" status="SKIP">
          <params>
            <param index="0">
              <value>
                <![CDATA[{ExpectedResult=LoginSuccess, RunMode=N, UserPassword=pass, UserName=user2, Browser=firefox}]]>
              </value>
            </param>
          </params>
          <exception class="org.testng.SkipException">
            <message>
              <![CDATA[Test is skipped due to RunMode ...]]>
            </message>
            <full-stacktrace>
              <![CDATA[org.testng.SkipException: Test is skipped due to RunMode ...
at excelReaderOperation.FacebookFinalVersion.f(FacebookFinalVersion.java:28)
at java.base/jdk.internal.reflect.NativeMethodAccessorImpl.invoke0(Native Method)
at java.base/jdk.internal.reflect.NativeMethodAccessorImpl.invoke(NativeMethodAccessorImpl.java:77)
at java.base/jdk.internal.reflect.DelegatingMethodAccessorImpl.invoke(DelegatingMethodAccessorImpl.java:43)
at java.base/java.lang.reflect.Method.invoke(Method.java:568)
at org.testng.internal.invokers.MethodInvocationHelper.invokeMethod(MethodInvocationHelper.java:135)
at org.testng.internal.invokers.TestInvoker.invokeMethod(TestInvoker.java:673)
at org.testng.internal.invokers.TestInvoker.invokeTestMethod(TestInvoker.java:220)
at org.testng.internal.invokers.MethodRunner.runInSequence(MethodRunner.java:50)
at org.testng.internal.invokers.TestInvoker$MethodInvocationAgent.invoke(TestInvoker.java:945)
at org.testng.internal.invokers.TestInvoker.invokeTestMethods(TestInvoker.java:193)
at org.testng.internal.invokers.TestMethodWorker.invokeTestMethods(TestMethodWorker.java:146)
at org.testng.internal.invokers.TestMethodWorker.run(TestMethodWorker.java:128)
at java.base/java.util.ArrayList.forEach(ArrayList.java:1511)
at org.testng.TestRunner.privateRun(TestRunner.java:808)
at org.testng.TestRunner.run(TestRunner.java:603)
at org.testng.SuiteRunner.runTest(SuiteRunner.java:429)
at org.testng.SuiteRunner.runSequentially(SuiteRunner.java:423)
at org.testng.SuiteRunner.privateRun(SuiteRunner.java:383)
at org.testng.SuiteRunner.run(SuiteRunner.java:326)
at org.testng.SuiteRunnerWorker.runSuite(SuiteRunnerWorker.java:52)
at org.testng.SuiteRunnerWorker.run(SuiteRunnerWorker.java:95)
at org.testng.TestNG.runSuitesSequentially(TestNG.java:1249)
at org.testng.TestNG.runSuitesLocally(TestNG.java:1169)
at org.testng.TestNG.runSuites(TestNG.java:1092)
at org.testng.TestNG.run(TestNG.java:1060)
at org.testng.remote.AbstractRemoteTestNG.run(AbstractRemoteTestNG.java:115)
at org.testng.remote.RemoteTestNG.initAndRun(RemoteTestNG.java:251)
at org.testng.remote.RemoteTestNG.main(RemoteTestNG.java:77)
]]>
            </full-stacktrace>
          </exception> <!-- org.testng.SkipException -->
          <reporter-output>
          </reporter-output>
        </test-method> <!-- f -->
        <test-method is-config="true" signature="afterMethod()[pri:0, instance:excelReaderOperation.FacebookFinalVersion@4efac082]" started-at="2023-05-15T14:22:51 IST" name="afterMethod" finished-at="2023-05-15T14:22:51 IST" duration-ms="1" status="PASS">
          <reporter-output>
          </reporter-output>
        </test-method> <!-- afterMethod -->
      </class> <!-- excelReaderOperation.FacebookFinalVersion -->
    </test> <!-- Default test -->
  </suite> <!-- Default suite -->
</testng-results>
