<?xml version="1.0" encoding="UTF-8"?>
<!-- Generated by org.testng.reporters.JUnitXMLReporter -->
<testsuite ignored="1" hostname="DESKTOP-MCS3M3G" failures="0" tests="3" name="Created Invoice Without Advance Test Cases" time="45.421" errors="0" timestamp="2023-05-09T16:03:15 IST">
  <testcase classname="invoiceTestCases.ClientInvoice" name="createClient" time="8.698"/>
  <testcase classname="invoiceTestCases.ClientInvoice" name="clientPO" time="8.795"/>
  <testcase classname="invoiceTestCases.ClientInvoice" name="clientInvoiceWithAdvance" time="20.571"/>
  <testcase classname="invoiceTestCases.ClientInvoice" name="clientInvoiceWithoutAdvance" time="0.0">
    <ignored/>
  </testcase> <!-- clientInvoiceWithoutAdvance -->
</testsuite> <!-- Created Invoice Without Advance Test Cases -->
