<?xml version="1.0" encoding="UTF-8"?>
<!-- Generated by org.testng.reporters.JUnitXMLReporter -->
<testsuite ignored="3" hostname="DESKTOP-MCS3M3G" failures="0" tests="1" name="Test" time="28.512" errors="0" timestamp="2023-05-03T15:45:42 IST">
  <testcase classname="invoiceTestCases.ClientInvoice" name="clientInvoiceWithoutAdvance" time="21.037"/>
  <testcase classname="invoiceTestCases.ClientInvoice" name="createClient" time="0.0">
    <ignored/>
  </testcase> <!-- createClient -->
  <testcase classname="invoiceTestCases.ClientInvoice" name="clientPO" time="0.0">
    <ignored/>
  </testcase> <!-- clientPO -->
  <testcase classname="invoiceTestCases.ClientInvoice" name="clientInvoiceWithAdvance" time="0.0">
    <ignored/>
  </testcase> <!-- clientInvoiceWithAdvance -->
</testsuite> <!-- Test -->
