<?xml version="1.0" encoding="UTF-8"?>
<!-- Generated by org.testng.reporters.JUnitXMLReporter -->
<testsuite ignored="0" hostname="DESKTOP-MCS3M3G" failures="0" tests="2" name="Default test" time="21.663" errors="0" timestamp="2023-05-15T14:22:51 IST">
  <testcase classname="excelReaderOperation.FacebookFinalVersion" name="f" time="2.28"/>
  <testcase classname="excelReaderOperation.FacebookFinalVersion" name="f" time="0.001">
    <skipped/>
  </testcase> <!-- f -->
</testsuite> <!-- Default test -->
