<?xml version="1.0" encoding="UTF-8"?>
<!-- Generated by org.testng.reporters.JUnitXMLReporter -->
<testsuite ignored="5" hostname="DESKTOP-MCS3M3G" failures="1" tests="2" name="CreatePortifolioTest" time="26.888" errors="0" timestamp="2022-11-09T12:34:16 IST">
  <testcase classname="testCases.BaseClass" name="@BeforeMethod beforeMethod" time="0.0">
    <failure type="java.lang.ClassCastException" message="class java.lang.Character cannot be cast to class java.lang.String (java.lang.Character and java.lang.String are in module java.base of loader &amp;apos;bootstrap&amp;apos;)">
      <![CDATA[java.lang.ClassCastException: class java.lang.Character cannot be cast to class java.lang.String (java.lang.Character and java.lang.String are in module java.base of loader 'bootstrap')
at testCases.BaseClass.beforeMethod(BaseClass.java:68)
at java.base/java.util.ArrayList.forEach(ArrayList.java:1511)
... Removed 31 stack frames]]>
    </failure>
  </testcase> <!-- @BeforeMethod beforeMethod -->
  <testcase classname="testCases.SessionManagement" name="login" time="25.838">
    <failure type="java.lang.AssertionError" message="The following asserts failed:
	sucessfull login">
      <![CDATA[java.lang.AssertionError: The following asserts failed:
sucessfull login
at keywords.GenericKeywords.assertAll(GenericKeywords.java:197)
at testCases.SessionManagement.login(SessionManagement.java:47)
at java.base/java.util.ArrayList.forEach(ArrayList.java:1511)
... Removed 29 stack frames]]>
    </failure>
  </testcase> <!-- login -->
  <testcase classname="testCases.PortifilioManagement" name="create" time="0.0">
    <skipped/>
  </testcase> <!-- create -->
  <testcase classname="testCases.PortifilioManagement" name="modify" time="0.0">
    <ignored/>
  </testcase> <!-- modify -->
  <testcase classname="testCases.BaseClass" name="@AfterTest quit" time="0.0">
    <ignored/>
  </testcase> <!-- @AfterTest quit -->
  <testcase classname="testCases.BaseClass" name="@BeforeTest beforeTest" time="0.0">
    <ignored/>
  </testcase> <!-- @BeforeTest beforeTest -->
  <testcase classname="testCases.SessionManagement" name="logout" time="0.0">
    <ignored/>
  </testcase> <!-- logout -->
  <testcase classname="testCases.PortifilioManagement" name="delete" time="0.0">
    <ignored/>
  </testcase> <!-- delete -->
</testsuite> <!-- CreatePortifolioTest -->
