<?xml version="1.0" encoding="UTF-8"?>
<!-- Generated by org.testng.reporters.JUnitXMLReporter -->
<testsuite ignored="4" hostname="DESKTOP-MCS3M3G" failures="0" tests="2" name="DeletePortifolioTest" time="0.031" errors="0" timestamp="2022-10-07T10:14:51 IST">
  <testcase classname="testCases.BaseClass" name="@BeforeTest beforeTest" time="0.001">
    <failure type="java.lang.Error" message="Unresolved compilation problem: 
	Unhandled exception type IOException
">
      <![CDATA[java.lang.Error: Unresolved compilation problem: 
Unhandled exception type IOException

at testCases.BaseClass.beforeTest(BaseClass.java:16)
... Removed 24 stack frames]]>
    </failure>
  </testcase> <!-- @BeforeTest beforeTest -->
  <testcase classname="testCases.BaseClass" name="@BeforeMethod beforeMethod" time="-1.665117891364E9">
    <skipped/>
  </testcase> <!-- @BeforeMethod beforeMethod -->
  <testcase classname="testCases.BaseClass" name="@BeforeMethod beforeMethod" time="-1.665117891375E9">
    <skipped/>
  </testcase> <!-- @BeforeMethod beforeMethod -->
  <testcase classname="testCases.SessionManagement" name="login" time="0.0">
    <skipped/>
  </testcase> <!-- login -->
  <testcase classname="testCases.PortifilioManagement" name="delete" time="0.0">
    <skipped/>
  </testcase> <!-- delete -->
  <testcase classname="testCases.PortifilioManagement" name="modify" time="0.0">
    <ignored/>
  </testcase> <!-- modify -->
  <testcase classname="testCases.BaseClass" name="@BeforeTest beforeTest" time="0.0">
    <ignored/>
  </testcase> <!-- @BeforeTest beforeTest -->
  <testcase classname="testCases.SessionManagement" name="logout" time="0.0">
    <ignored/>
  </testcase> <!-- logout -->
  <testcase classname="testCases.PortifilioManagement" name="create" time="0.0">
    <ignored/>
  </testcase> <!-- create -->
</testsuite> <!-- DeletePortifolioTest -->
