<?xml version="1.0" encoding="UTF-8"?>
<!-- Generated by org.testng.reporters.JUnitXMLReporter -->
<testsuite ignored="4" hostname="DESKTOP-MCS3M3G" failures="0" tests="2" name="Test" time="0.084" errors="0" timestamp="2022-10-05T01:25:50 IST">
  <testcase classname="testCases.SessionManagement" name="login" time="0.008"/>
  <testcase classname="testCases.PortifilioManagement" name="create" time="0.003"/>
  <testcase classname="testCases.PortifilioManagement" name="modify" time="0.0">
    <ignored/>
  </testcase> <!-- modify -->
  <testcase classname="testCases.BaseClass" name="@BeforeTest beforeTest" time="0.0">
    <ignored/>
  </testcase> <!-- @BeforeTest beforeTest -->
  <testcase classname="testCases.SessionManagement" name="logout" time="0.0">
    <ignored/>
  </testcase> <!-- logout -->
  <testcase classname="testCases.PortifilioManagement" name="delete" time="0.0">
    <ignored/>
  </testcase> <!-- delete -->
</testsuite> <!-- Test -->
