<?xml version="1.0" encoding="UTF-8"?>
<!-- Generated by org.testng.reporters.JUnitXMLReporter -->
<testsuite ignored="2" hostname="DESKTOP-MCS3M3G" failures="0" tests="6" name="Create New Booking Test - electronic media" time="0.027" errors="0" timestamp="2023-05-03T12:19:34 IST">
  <testcase classname="testcases.HotelBooking" name="loadBooking" time="0.001"/>
  <testcase classname="testcases.HotelBooking" name="enterGuestInfo" time="0.002"/>
  <testcase classname="testcases.PaymentManager" name="applyDicount" time="0.001"/>
  <testcase classname="testcases.PaymentManager" name="makePayment" time="0.002"/>
  <testcase classname="testcases.CommunicationProcess" name="checkMailVerification" time="0.001"/>
  <testcase classname="testcases.CommunicationProcess" name="checkMobailVerification" time="0.003"/>
  <testcase classname="testcases.HotelBooking" name="searchHotel" time="0.0">
    <ignored/>
  </testcase> <!-- searchHotel -->
  <testcase classname="testcases.HotelBooking" name="selectHotel" time="0.0">
    <ignored/>
  </testcase> <!-- selectHotel -->
</testsuite> <!-- Create New Booking Test - electronic media -->
