<?xml version="1.0" encoding="UTF-8"?>
<!-- Generated by org.testng.reporters.JUnitXMLReporter -->
<testsuite ignored="0" hostname="DESKTOP-MCS3M3G" failures="0" tests="8" name="Test" time="0.09" errors="0" timestamp="2023-05-03T09:59:28 IST">
  <testcase classname="testcases.HotelBooking" name="bookHotel" time="0.01"/>
  <testcase classname="testcases.HotelBooking" name="enterGuestInfo" time="0.002"/>
  <testcase classname="testcases.HotelBooking" name="loadBooking" time="0.002"/>
  <testcase classname="testcases.HotelBooking" name="searchHotel" time="0.002"/>
  <testcase classname="testcases.PaymentManager" name="applyDicount" time="0.001"/>
  <testcase classname="testcases.PaymentManager" name="makePayment" time="0.001"/>
  <testcase classname="testcases.CommunicationProcess" name="checkMailVerification" time="0.002"/>
  <testcase classname="testcases.CommunicationProcess" name="checkMobailVerification" time="0.002"/>
</testsuite> <!-- Test -->
