<?xml version="1.0" encoding="UTF-8"?>
<!-- Generated by org.testng.reporters.JUnitXMLReporter -->
<testsuite ignored="0" hostname="DESKTOP-MCS3M3G" failures="0" tests="4" name="Default test" time="0.075" errors="0" timestamp="2022-05-16T21:53:40 IST">
  <testcase classname="testcases.BoobingSearch" name="cancelBookin" time="0.011"/>
  <testcase classname="testcases.BoobingSearch" name="loadBooking" time="0.003"/>
  <testcase classname="testcases.BoobingSearch" name="searchHotel" time="0.002"/>
  <testcase classname="testcases.BoobingSearch" name="selectHotel" time="0.003"/>
</testsuite> <!-- Default test -->
