<?xml version="1.0" encoding="UTF-8"?>
<testng-results ignored="1" total="4" passed="3" failed="0" skipped="0">
  <reporter-output>
  </reporter-output>
  <suite started-at="2023-05-09T16:02:30 IST" name="Suite" finished-at="2023-05-09T16:03:15 IST" duration-ms="45421">
    <groups>
    </groups>
    <test started-at="2023-05-09T16:02:30 IST" name="Created Invoice Without Advance Test Cases" finished-at="2023-05-09T16:03:15 IST" duration-ms="45421">
      <class name="invoiceTestCases.ClientInvoice">
        <test-method is-config="true" signature="launchBrowser()[pri:0, instance:invoiceTestCases.ClientInvoice@12aba8be]" started-at="2023-05-09T16:02:30 IST" name="launchBrowser" finished-at="2023-05-09T16:02:37 IST" duration-ms="7290" status="PASS">
          <reporter-output>
          </reporter-output>
        </test-method> <!-- launchBrowser -->
        <test-method signature="createClient()[pri:0, instance:invoiceTestCases.ClientInvoice@12aba8be]" started-at="2023-05-09T16:02:37 IST" name="createClient" finished-at="2023-05-09T16:02:46 IST" duration-ms="8698" status="PASS">
          <reporter-output>
          </reporter-output>
        </test-method> <!-- createClient -->
        <test-method signature="clientPO()[pri:0, instance:invoiceTestCases.ClientInvoice@12aba8be]" started-at="2023-05-09T16:02:46 IST" name="clientPO" finished-at="2023-05-09T16:02:55 IST" duration-ms="8795" status="PASS">
          <reporter-output>
          </reporter-output>
        </test-method> <!-- clientPO -->
        <test-method signature="clientInvoiceWithAdvance()[pri:0, instance:invoiceTestCases.ClientInvoice@12aba8be]" started-at="2023-05-09T16:02:55 IST" name="clientInvoiceWithAdvance" finished-at="2023-05-09T16:03:15 IST" duration-ms="20571" status="PASS">
          <reporter-output>
          </reporter-output>
        </test-method> <!-- clientInvoiceWithAdvance -->
        <test-method is-config="true" signature="closeAction()[pri:0, instance:invoiceTestCases.ClientInvoice@12aba8be]" started-at="2023-05-09T16:03:15 IST" name="closeAction" finished-at="2023-05-09T16:03:15 IST" duration-ms="1" status="PASS">
          <reporter-output>
          </reporter-output>
        </test-method> <!-- closeAction -->
      </class> <!-- invoiceTestCases.ClientInvoice -->
    </test> <!-- Created Invoice Without Advance Test Cases -->
  </suite> <!-- Suite -->
</testng-results>
