<?xml version="1.0" encoding="UTF-8"?>
<!-- Generated by org.testng.reporters.JUnitXMLReporter -->
<testsuite ignored="0" hostname="DESKTOP-MCS3M3G" failures="0" tests="3" name="Default test" time="1.995" errors="0" timestamp="2022-11-04T14:59:31 IST">
  <testcase classname="testCases.PortifilioManagement" name="create" time="0.02"/>
  <testcase classname="testCases.PortifilioManagement" name="delete" time="0.003"/>
  <testcase classname="testCases.PortifilioManagement" name="modify" time="0.006"/>
</testsuite> <!-- Default test -->
