<?xml version="1.0" encoding="UTF-8"?>
<!-- Generated by org.testng.reporters.JUnitXMLReporter -->
<testsuite ignored="0" hostname="DESKTOP-MCS3M3G" failures="0" tests="6" name="Command line test" time="19.061" errors="0" timestamp="10 Jul 2023 05:46:47 GMT">
  <testcase classname="TestCases.DataDrivenTest" name="login" time="8.807"/>
  <testcase classname="TestCases.DataDrivenTest" name="login" time="1.171"/>
  <testcase classname="TestCases.DataDrivenTest" name="login" time="1.109"/>
  <testcase classname="TestCases.DataDrivenTest" name="login" time="1.104"/>
  <testcase classname="TestCases.NewTest" name="f" time="0.0"/>
  <testcase classname="TestCases.NewTest" name="f" time="0.001"/>
</testsuite> <!-- Command line test -->
