<?xml version="1.0" encoding="UTF-8"?>
<!-- Generated by org.testng.reporters.JUnitXMLReporter -->
<testsuite ignored="4" hostname="DESKTOP-MCS3M3G" failures="0" tests="2" name="DeletePortifolioTest" time="0.022" errors="0" timestamp="16 May 2023 05:37:22 GMT">
  <testcase classname="testcases.Session" name="doLogin" time="0.002"/>
  <testcase classname="testcases.PortifolioMgmt" name="deletePortifolio" time="0.01"/>
  <testcase classname="testcases.BaseTest" name="@BeforeTest beforeTest" time="0.0">
    <ignored/>
  </testcase> <!-- @BeforeTest beforeTest -->
  <testcase classname="testcases.Session" name="doLogout" time="0.0">
    <ignored/>
  </testcase> <!-- doLogout -->
  <testcase classname="testcases.PortifolioMgmt" name="createPortifolio" time="0.0">
    <ignored/>
  </testcase> <!-- createPortifolio -->
  <testcase classname="testcases.PortifolioMgmt" name="modifyPortifolio" time="0.0">
    <ignored/>
  </testcase> <!-- modifyPortifolio -->
</testsuite> <!-- DeletePortifolioTest -->
