<?xml version="1.0" encoding="UTF-8"?>
<!-- Generated by org.testng.reporters.JUnitXMLReporter -->
<testsuite ignored="2" hostname="DESKTOP-MCS3M3G" failures="0" tests="1" name="Default test" time="29.97" errors="0" timestamp="2023-05-03T15:14:58 IST">
  <testcase classname="invoiceTestCases.ClientInvoice" name="clientInvoice" time="20.932"/>
  <testcase classname="invoiceTestCases.ClientInvoice" name="createClient" time="0.0">
    <ignored/>
  </testcase> <!-- createClient -->
  <testcase classname="invoiceTestCases.ClientInvoice" name="clientPO" time="0.0">
    <ignored/>
  </testcase> <!-- clientPO -->
</testsuite> <!-- Default test -->
