<?xml version="1.0" encoding="UTF-8"?>
<!-- Generated by org.testng.reporters.JUnitXMLReporter -->
<testsuite ignored="1" hostname="DESKTOP-MCS3M3G" failures="0" tests="7" name="Create Booking Test" time="0.077" errors="0" timestamp="2022-09-16T12:57:43 IST">
  <testcase classname="testCases.NewHotelBooking" name="searchHotel" time="0.009"/>
  <testcase classname="testCases.NewHotelBooking" name="selectHotel" time="0.004"/>
  <testcase classname="testCases.NewHotelBooking" name="guestInfo" time="0.001"/>
  <testcase classname="testCases.PaymentMethod" name="applyDiscount" time="0.001"/>
  <testcase classname="testCases.PaymentMethod" name="makePayment" time="0.002"/>
  <testcase classname="testCases.CustomerCommunication" name="getConfirmByMail" time="0.001"/>
  <testcase classname="testCases.CustomerCommunication" name="getConfirmByPhone" time="0.001"/>
  <testcase classname="testCases.NewHotelBooking" name="loadingHotel" time="0.0">
    <ignored/>
  </testcase> <!-- loadingHotel -->
</testsuite> <!-- Create Booking Test -->
