<?xml version="1.0" encoding="UTF-8"?>
<!-- Generated by org.testng.reporters.JUnitXMLReporter -->
<testsuite ignored="2" hostname="DESKTOP-MCS3M3G" failures="0" tests="6" name="Modify existing Booking Test" time="0.025" errors="0" timestamp="2022-09-16T12:57:43 IST">
  <testcase classname="testCases.NewHotelBooking" name="loadingHotel" time="0.002"/>
  <testcase classname="testCases.NewHotelBooking" name="guestInfo" time="0.001"/>
  <testcase classname="testCases.PaymentMethod" name="applyDiscount" time="0.001"/>
  <testcase classname="testCases.PaymentMethod" name="makePayment" time="0.003"/>
  <testcase classname="testCases.CustomerCommunication" name="getConfirmByMail" time="0.001"/>
  <testcase classname="testCases.CustomerCommunication" name="getConfirmByPhone" time="0.002"/>
  <testcase classname="testCases.NewHotelBooking" name="searchHotel" time="0.0">
    <ignored/>
  </testcase> <!-- searchHotel -->
  <testcase classname="testCases.NewHotelBooking" name="selectHotel" time="0.0">
    <ignored/>
  </testcase> <!-- selectHotel -->
</testsuite> <!-- Modify existing Booking Test -->
