<?xml version="1.0" encoding="UTF-8"?>
<!-- Generated by org.testng.reporters.JUnitXMLReporter -->
<testsuite ignored="1" hostname="DESKTOP-MCS3M3G" failures="0" tests="3" name="Test" time="48.453" errors="0" timestamp="2023-05-10T14:43:13 IST">
  <testcase classname="invoiceTestCases.ClientInvoice" name="createClient" time="9.153"/>
  <testcase classname="invoiceTestCases.ClientInvoice" name="clientPO" time="9.6"/>
  <testcase classname="invoiceTestCases.ClientInvoice" name="clientInvoiceWithoutAdvance" time="20.62"/>
  <testcase classname="invoiceTestCases.ClientInvoice" name="clientInvoiceWithAdvance" time="0.0">
    <ignored/>
  </testcase> <!-- clientInvoiceWithAdvance -->
</testsuite> <!-- Test -->
