<?xml version="1.0" encoding="UTF-8"?>
<!-- Generated by org.testng.reporters.JUnitXMLReporter -->
<testsuite ignored="0" hostname="DESKTOP-MCS3M3G" failures="0" tests="8" name="Test" time="0.115" errors="0" timestamp="2022-05-16T21:52:48 IST">
  <testcase classname="testcases.BoobingSearch" name="cancelBookin" time="0.01"/>
  <testcase classname="testcases.BoobingSearch" name="loadBooking" time="0.003"/>
  <testcase classname="testcases.BoobingSearch" name="searchHotel" time="0.003"/>
  <testcase classname="testcases.BoobingSearch" name="selectHotel" time="0.009"/>
  <testcase classname="testcases.PaymentManage" name="applyDiscount" time="0.001"/>
  <testcase classname="testcases.PaymentManage" name="makePayment" time="0.01"/>
  <testcase classname="testcases.CustomerComm" name="checkEmailVerif" time="0.003"/>
  <testcase classname="testcases.CustomerComm" name="checkMobileVerif" time="0.002"/>
</testsuite> <!-- Test -->
