<?xml version="1.0" encoding="UTF-8"?>
<testng-results ignored="0" total="4" passed="4" failed="0" skipped="0">
  <reporter-output>
  </reporter-output>
  <suite started-at="2022-05-16T21:53:40 IST" name="Default suite" finished-at="2022-05-16T21:53:40 IST" duration-ms="75">
    <groups>
    </groups>
    <test started-at="2022-05-16T21:53:40 IST" name="Default test" finished-at="2022-05-16T21:53:40 IST" duration-ms="75">
      <class name="testcases.BoobingSearch">
        <test-method signature="cancelBookin()[pri:0, instance:testcases.BoobingSearch@152aa092]" started-at="2022-05-16T21:53:40 IST" name="cancelBookin" finished-at="2022-05-16T21:53:40 IST" duration-ms="11" status="PASS">
          <reporter-output>
          </reporter-output>
        </test-method> <!-- cancelBookin -->
        <test-method signature="loadBooking()[pri:0, instance:testcases.BoobingSearch@152aa092]" started-at="2022-05-16T21:53:40 IST" name="loadBooking" finished-at="2022-05-16T21:53:40 IST" duration-ms="3" status="PASS">
          <reporter-output>
          </reporter-output>
        </test-method> <!-- loadBooking -->
        <test-method signature="searchHotel()[pri:0, instance:testcases.BoobingSearch@152aa092]" started-at="2022-05-16T21:53:40 IST" name="searchHotel" finished-at="2022-05-16T21:53:40 IST" duration-ms="2" status="PASS">
          <reporter-output>
          </reporter-output>
        </test-method> <!-- searchHotel -->
        <test-method signature="selectHotel()[pri:0, instance:testcases.BoobingSearch@152aa092]" started-at="2022-05-16T21:53:40 IST" name="selectHotel" finished-at="2022-05-16T21:53:40 IST" duration-ms="3" status="PASS">
          <reporter-output>
          </reporter-output>
        </test-method> <!-- selectHotel -->
      </class> <!-- testcases.BoobingSearch -->
    </test> <!-- Default test -->
  </suite> <!-- Default suite -->
</testng-results>
