<?xml version="1.0" encoding="UTF-8"?>
<!-- Generated by org.testng.reporters.JUnitXMLReporter -->
<testsuite ignored="5" hostname="DESKTOP-MCS3M3G" failures="1" tests="2" name="Create Portifolio Test" time="26.376" errors="0" timestamp="2023-05-29T10:08:58 IST">
  <testcase classname="TestCases.BaseTest" name="@BeforeMethod beforeMethod" time="0.0">
    <failure type="java.lang.NullPointerException" message="Cannot invoke &amp;quot;com.aventstack.extentreports.ExtentTest.log(com.aventstack.extentreports.Status, String)&amp;quot; because &amp;quot;this.test&amp;quot; is null">
      <![CDATA[java.lang.NullPointerException: Cannot invoke "com.aventstack.extentreports.ExtentTest.log(com.aventstack.extentreports.Status, String)" because "this.test" is null
at TestCases.BaseTest.beforeMethod(BaseTest.java:46)
at java.base/java.util.ArrayList.forEach(ArrayList.java:1511)
... Removed 31 stack frames]]>
    </failure>
  </testcase> <!-- @BeforeMethod beforeMethod -->
  <testcase classname="TestCases.Session" name="doLogin" time="24.587">
    <failure type="java.lang.AssertionError" message="The following asserts failed:
	Profile is mismatched expected [Hi Gues] but found [Hi Guest]">
      <![CDATA[java.lang.AssertionError: The following asserts failed:
Profile is mismatched expected [Hi Gues] but found [Hi Guest]
at keywords.GenericKeywords.assertAll(GenericKeywords.java:160)
at keywords.GenericKeywords.repFailure(GenericKeywords.java:154)
at TestCases.Session.doLogin(Session.java:27)
at java.base/java.util.ArrayList.forEach(ArrayList.java:1511)
... Removed 29 stack frames]]>
    </failure>
  </testcase> <!-- doLogin -->
  <testcase classname="TestCases.PortifolioManagement" name="createPortifolio" time="0.0">
    <skipped/>
  </testcase> <!-- createPortifolio -->
  <testcase classname="TestCases.PortifolioManagement" name="deletePortifolio" time="0.0">
    <ignored/>
  </testcase> <!-- deletePortifolio -->
  <testcase classname="TestCases.Session" name="doLogout" time="0.0">
    <ignored/>
  </testcase> <!-- doLogout -->
  <testcase classname="TestCases.BaseTest" name="@AfterTest afterTest" time="0.0">
    <ignored/>
  </testcase> <!-- @AfterTest afterTest -->
  <testcase classname="TestCases.BaseTest" name="@BeforeTest beforeTest" time="0.0">
    <ignored/>
  </testcase> <!-- @BeforeTest beforeTest -->
  <testcase classname="TestCases.PortifolioManagement" name="modifyPortifolio" time="0.0">
    <ignored/>
  </testcase> <!-- modifyPortifolio -->
</testsuite> <!-- Create Portifolio Test -->
