<?xml version="1.0" encoding="UTF-8"?>
<!-- Generated by org.testng.reporters.JUnitXMLReporter -->
<testsuite ignored="4" hostname="DESKTOP-MCS3M3G" failures="0" tests="2" name="Delete Portifolio Test" time="0.036" errors="0" timestamp="23 May 2023 09:34:41 GMT">
  <testcase classname="TestCases.Session" name="doLogin" time="0.007"/>
  <testcase classname="TestCases.PortifolioManagement" name="deletePortifolio" time="0.005"/>
  <testcase classname="TestCases.PortifolioManagement" name="createPortifolio" time="0.0">
    <ignored/>
  </testcase> <!-- createPortifolio -->
  <testcase classname="TestCases.BaseTest" name="@BeforeTest beforeTest" time="0.0">
    <ignored/>
  </testcase> <!-- @BeforeTest beforeTest -->
  <testcase classname="TestCases.Session" name="doLogout" time="0.0">
    <ignored/>
  </testcase> <!-- doLogout -->
  <testcase classname="TestCases.PortifolioManagement" name="modifyPortifolio" time="0.0">
    <ignored/>
  </testcase> <!-- modifyPortifolio -->
</testsuite> <!-- Delete Portifolio Test -->
